Arguments: 
  /home/kuleng/.nvm/versions/node/v15.14.0/bin/node /home/kuleng/.nvm/versions/node/v15.14.0/bin/yarn add @tensorflow/tfjs-node

PATH: 
  /home/kuleng/.local/bin:/home/kuleng/.yarn/bin:/home/kuleng/.nvm/versions/node/v15.14.0/bin:/home/kuleng/.local/bin:/home/kuleng/.yarn/bin:/home/kuleng/.local/bin:/usr/local/sbin:/usr/local/bin:/usr/sbin:/usr/bin:/sbin:/bin:/usr/games:/usr/local/games:/.yarn/bin:/snap/bin

Yarn version: 
  1.22.10

Node version: 
  15.14.0

Platform: 
  linux x64

Trace: 
  Error: EACCES: permission denied, mkdir '/home/kuleng/dev/evtf_project/api-server/node_modules/@tensorflow/tfjs'

npm manifest: 
  {
    "name": "api-server",
    "version": "1.0.0",
    "description": "",
    "main": "index.js",
    "scripts": {
      "test": "echo \"Error: no test specified\" && exit 1"
    },
    "author": "",
    "license": "ISC",
    "dependencies": {
      "cors": "^2.8.5",
      "express": "^4.17.1",
      "formidable": "^1.2.2",
      "fs": "*",
      "get-image-data": "^5.0.0"
    }
  }

yarn manifest: 
  No manifest

Lockfile: 
  # THIS IS AN AUTOGENERATED FILE. DO NOT EDIT THIS FILE DIRECTLY.
  # yarn lockfile v1
  
  
  "@babel/runtime@^7.7.2":
    "integrity" "sha512-OvwMLqNXkCXSz1kSm58sEsNuhqOx/fKpnUnKnFB5v8uDda5bLNEHNgKPvhDN6IU0LDcnHQ90LlJ0Q6jnyBSIBA=="
    "resolved" "https://registry.npmjs.org/@babel/runtime/-/runtime-7.15.3.tgz"
    "version" "7.15.3"
    dependencies:
      "regenerator-runtime" "^0.13.4"
  
  "@jimp/bmp@^0.14.0":
    "integrity" "sha512-5RkX6tSS7K3K3xNEb2ygPuvyL9whjanhoaB/WmmXlJS6ub4DjTqrapu8j4qnIWmO4YYtFeTbDTXV6v9P1yMA5A=="
    "resolved" "https://registry.npmjs.org/@jimp/bmp/-/bmp-0.14.0.tgz"
    "version" "0.14.0"
    dependencies:
      "@babel/runtime" "^7.7.2"
      "@jimp/utils" "^0.14.0"
      "bmp-js" "^0.1.0"
  
  "@jimp/core@^0.14.0":
    "integrity" "sha512-S62FcKdtLtj3yWsGfJRdFXSutjvHg7aQNiFogMbwq19RP4XJWqS2nOphu7ScB8KrSlyy5nPF2hkWNhLRLyD82w=="
    "resolved" "https://registry.npmjs.org/@jimp/core/-/core-0.14.0.tgz"
    "version" "0.14.0"
    dependencies:
      "@babel/runtime" "^7.7.2"
      "@jimp/utils" "^0.14.0"
      "any-base" "^1.1.0"
      "buffer" "^5.2.0"
      "exif-parser" "^0.1.12"
      "file-type" "^9.0.0"
      "load-bmfont" "^1.3.1"
      "mkdirp" "^0.5.1"
      "phin" "^2.9.1"
      "pixelmatch" "^4.0.2"
      "tinycolor2" "^1.4.1"
  
  "@jimp/custom@^0.14.0", "@jimp/custom@>=0.3.5":
    "integrity" "sha512-kQJMeH87+kWJdVw8F9GQhtsageqqxrvzg7yyOw3Tx/s7v5RToe8RnKyMM+kVtBJtNAG+Xyv/z01uYQ2jiZ3GwA=="
    "resolved" "https://registry.npmjs.org/@jimp/custom/-/custom-0.14.0.tgz"
    "version" "0.14.0"
    dependencies:
      "@babel/runtime" "^7.7.2"
      "@jimp/core" "^0.14.0"
  
  "@jimp/gif@^0.14.0":
    "integrity" "sha512-DHjoOSfCaCz72+oGGEh8qH0zE6pUBaBxPxxmpYJjkNyDZP7RkbBkZJScIYeQ7BmJxmGN4/dZn+MxamoQlr+UYg=="
    "resolved" "https://registry.npmjs.org/@jimp/gif/-/gif-0.14.0.tgz"
    "version" "0.14.0"
    dependencies:
      "@babel/runtime" "^7.7.2"
      "@jimp/utils" "^0.14.0"
      "gifwrap" "^0.9.2"
      "omggif" "^1.0.9"
  
  "@jimp/jpeg@^0.14.0":
    "integrity" "sha512-561neGbr+87S/YVQYnZSTyjWTHBm9F6F1obYHiyU3wVmF+1CLbxY3FQzt4YolwyQHIBv36Bo0PY2KkkU8BEeeQ=="
    "resolved" "https://registry.npmjs.org/@jimp/jpeg/-/jpeg-0.14.0.tgz"
    "version" "0.14.0"
    dependencies:
      "@babel/runtime" "^7.7.2"
      "@jimp/utils" "^0.14.0"
      "jpeg-js" "^0.4.0"
  
  "@jimp/plugin-blit@^0.14.0", "@jimp/plugin-blit@>=0.3.5":
    "integrity" "sha512-YoYOrnVHeX3InfgbJawAU601iTZMwEBZkyqcP1V/S33Qnz9uzH1Uj1NtC6fNgWzvX6I4XbCWwtr4RrGFb5CFrw=="
    "resolved" "https://registry.npmjs.org/@jimp/plugin-blit/-/plugin-blit-0.14.0.tgz"
    "version" "0.14.0"
    dependencies:
      "@babel/runtime" "^7.7.2"
      "@jimp/utils" "^0.14.0"
  
  "@jimp/plugin-blur@^0.14.0", "@jimp/plugin-blur@>=0.3.5":
    "integrity" "sha512-9WhZcofLrT0hgI7t0chf7iBQZib//0gJh9WcQMUt5+Q1Bk04dWs8vTgLNj61GBqZXgHSPzE4OpCrrLDBG8zlhQ=="
    "resolved" "https://registry.npmjs.org/@jimp/plugin-blur/-/plugin-blur-0.14.0.tgz"
    "version" "0.14.0"
    dependencies:
      "@babel/runtime" "^7.7.2"
      "@jimp/utils" "^0.14.0"
  
  "@jimp/plugin-circle@^0.14.0":
    "integrity" "sha512-o5L+wf6QA44tvTum5HeLyLSc5eVfIUd5ZDVi5iRfO4o6GT/zux9AxuTSkKwnjhsG8bn1dDmywAOQGAx7BjrQVA=="
    "resolved" "https://registry.npmjs.org/@jimp/plugin-circle/-/plugin-circle-0.14.0.tgz"
    "version" "0.14.0"
    dependencies:
      "@babel/runtime" "^7.7.2"
      "@jimp/utils" "^0.14.0"
  
  "@jimp/plugin-color@^0.14.0", "@jimp/plugin-color@>=0.8.0":
    "integrity" "sha512-JJz512SAILYV0M5LzBb9sbOm/XEj2fGElMiHAxb7aLI6jx+n0agxtHpfpV/AePTLm1vzzDxx6AJxXbKv355hBQ=="
    "resolved" "https://registry.npmjs.org/@jimp/plugin-color/-/plugin-color-0.14.0.tgz"
    "version" "0.14.0"
    dependencies:
      "@babel/runtime" "^7.7.2"
      "@jimp/utils" "^0.14.0"
      "tinycolor2" "^1.4.1"
  
  "@jimp/plugin-contain@^0.14.0":
    "integrity" "sha512-RX2q233lGyaxiMY6kAgnm9ScmEkNSof0hdlaJAVDS1OgXphGAYAeSIAwzESZN4x3ORaWvkFefeVH9O9/698Evg=="
    "resolved" "https://registry.npmjs.org/@jimp/plugin-contain/-/plugin-contain-0.14.0.tgz"
    "version" "0.14.0"
    dependencies:
      "@babel/runtime" "^7.7.2"
      "@jimp/utils" "^0.14.0"
  
  "@jimp/plugin-cover@^0.14.0":
    "integrity" "sha512-0P/5XhzWES4uMdvbi3beUgfvhn4YuQ/ny8ijs5kkYIw6K8mHcl820HahuGpwWMx56DJLHRl1hFhJwo9CeTRJtQ=="
    "resolved" "https://registry.npmjs.org/@jimp/plugin-cover/-/plugin-cover-0.14.0.tgz"
    "version" "0.14.0"
    dependencies:
      "@babel/runtime" "^7.7.2"
      "@jimp/utils" "^0.14.0"
  
  "@jimp/plugin-crop@^0.14.0", "@jimp/plugin-crop@>=0.3.5":
    "integrity" "sha512-Ojtih+XIe6/XSGtpWtbAXBozhCdsDMmy+THUJAGu2x7ZgKrMS0JotN+vN2YC3nwDpYkM+yOJImQeptSfZb2Sug=="
    "resolved" "https://registry.npmjs.org/@jimp/plugin-crop/-/plugin-crop-0.14.0.tgz"
    "version" "0.14.0"
    dependencies:
      "@babel/runtime" "^7.7.2"
      "@jimp/utils" "^0.14.0"
  
  "@jimp/plugin-displace@^0.14.0":
    "integrity" "sha512-c75uQUzMgrHa8vegkgUvgRL/PRvD7paFbFJvzW0Ugs8Wl+CDMGIPYQ3j7IVaQkIS+cAxv+NJ3TIRBQyBrfVEOg=="
    "resolved" "https://registry.npmjs.org/@jimp/plugin-displace/-/plugin-displace-0.14.0.tgz"
    "version" "0.14.0"
    dependencies:
      "@babel/runtime" "^7.7.2"
      "@jimp/utils" "^0.14.0"
  
  "@jimp/plugin-dither@^0.14.0":
    "integrity" "sha512-g8SJqFLyYexXQQsoh4dc1VP87TwyOgeTElBcxSXX2LaaMZezypmxQfLTzOFzZoK8m39NuaoH21Ou1Ftsq7LzVQ=="
    "resolved" "https://registry.npmjs.org/@jimp/plugin-dither/-/plugin-dither-0.14.0.tgz"
    "version" "0.14.0"
    dependencies:
      "@babel/runtime" "^7.7.2"
      "@jimp/utils" "^0.14.0"
  
  "@jimp/plugin-fisheye@^0.14.0":
    "integrity" "sha512-BFfUZ64EikCaABhCA6mR3bsltWhPpS321jpeIQfJyrILdpFsZ/OccNwCgpW1XlbldDHIoNtXTDGn3E+vCE7vDg=="
    "resolved" "https://registry.npmjs.org/@jimp/plugin-fisheye/-/plugin-fisheye-0.14.0.tgz"
    "version" "0.14.0"
    dependencies:
      "@babel/runtime" "^7.7.2"
      "@jimp/utils" "^0.14.0"
  
  "@jimp/plugin-flip@^0.14.0":
    "integrity" "sha512-WtL1hj6ryqHhApih+9qZQYA6Ye8a4HAmdTzLbYdTMrrrSUgIzFdiZsD0WeDHpgS/+QMsWwF+NFmTZmxNWqKfXw=="
    "resolved" "https://registry.npmjs.org/@jimp/plugin-flip/-/plugin-flip-0.14.0.tgz"
    "version" "0.14.0"
    dependencies:
      "@babel/runtime" "^7.7.2"
      "@jimp/utils" "^0.14.0"
  
  "@jimp/plugin-gaussian@^0.14.0":
    "integrity" "sha512-uaLwQ0XAQoydDlF9tlfc7iD9drYPriFe+jgYnWm8fbw5cN+eOIcnneEX9XCOOzwgLPkNCxGox6Kxjn8zY6GxtQ=="
    "resolved" "https://registry.npmjs.org/@jimp/plugin-gaussian/-/plugin-gaussian-0.14.0.tgz"
    "version" "0.14.0"
    dependencies:
      "@babel/runtime" "^7.7.2"
      "@jimp/utils" "^0.14.0"
  
  "@jimp/plugin-invert@^0.14.0":
    "integrity" "sha512-UaQW9X9vx8orQXYSjT5VcITkJPwDaHwrBbxxPoDG+F/Zgv4oV9fP+udDD6qmkgI9taU+44Fy+zm/J/gGcMWrdg=="
    "resolved" "https://registry.npmjs.org/@jimp/plugin-invert/-/plugin-invert-0.14.0.tgz"
    "version" "0.14.0"
    dependencies:
      "@babel/runtime" "^7.7.2"
      "@jimp/utils" "^0.14.0"
  
  "@jimp/plugin-mask@^0.14.0":
    "integrity" "sha512-tdiGM69OBaKtSPfYSQeflzFhEpoRZ+BvKfDEoivyTjauynbjpRiwB1CaiS8En1INTDwzLXTT0Be9SpI3LkJoEA=="
    "resolved" "https://registry.npmjs.org/@jimp/plugin-mask/-/plugin-mask-0.14.0.tgz"
    "version" "0.14.0"
    dependencies:
      "@babel/runtime" "^7.7.2"
      "@jimp/utils" "^0.14.0"
  
  "@jimp/plugin-normalize@^0.14.0":
    "integrity" "sha512-AfY8sqlsbbdVwFGcyIPy5JH/7fnBzlmuweb+Qtx2vn29okq6+HelLjw2b+VT2btgGUmWWHGEHd86oRGSoWGyEQ=="
    "resolved" "https://registry.npmjs.org/@jimp/plugin-normalize/-/plugin-normalize-0.14.0.tgz"
    "version" "0.14.0"
    dependencies:
      "@babel/runtime" "^7.7.2"
      "@jimp/utils" "^0.14.0"
  
  "@jimp/plugin-print@^0.14.0":
    "integrity" "sha512-MwP3sH+VS5AhhSTXk7pui+tEJFsxnTKFY3TraFJb8WFbA2Vo2qsRCZseEGwpTLhENB7p/JSsLvWoSSbpmxhFAQ=="
    "resolved" "https://registry.npmjs.org/@jimp/plugin-print/-/plugin-print-0.14.0.tgz"
    "version" "0.14.0"
    dependencies:
      "@babel/runtime" "^7.7.2"
      "@jimp/utils" "^0.14.0"
      "load-bmfont" "^1.4.0"
  
  "@jimp/plugin-resize@^0.14.0", "@jimp/plugin-resize@>=0.3.5", "@jimp/plugin-resize@>=0.8.0":
    "integrity" "sha512-qFeMOyXE/Bk6QXN0GQo89+CB2dQcXqoxUcDb2Ah8wdYlKqpi53skABkgVy5pW3EpiprDnzNDboMltdvDslNgLQ=="
    "resolved" "https://registry.npmjs.org/@jimp/plugin-resize/-/plugin-resize-0.14.0.tgz"
    "version" "0.14.0"
    dependencies:
      "@babel/runtime" "^7.7.2"
      "@jimp/utils" "^0.14.0"
  
  "@jimp/plugin-rotate@^0.14.0", "@jimp/plugin-rotate@>=0.3.5":
    "integrity" "sha512-aGaicts44bvpTcq5Dtf93/8TZFu5pMo/61lWWnYmwJJU1RqtQlxbCLEQpMyRhKDNSfPbuP8nyGmaqXlM/82J0Q=="
    "resolved" "https://registry.npmjs.org/@jimp/plugin-rotate/-/plugin-rotate-0.14.0.tgz"
    "version" "0.14.0"
    dependencies:
      "@babel/runtime" "^7.7.2"
      "@jimp/utils" "^0.14.0"
  
  "@jimp/plugin-scale@^0.14.0", "@jimp/plugin-scale@>=0.3.5":
    "integrity" "sha512-ZcJk0hxY5ZKZDDwflqQNHEGRblgaR+piePZm7dPwPUOSeYEH31P0AwZ1ziceR74zd8N80M0TMft+e3Td6KGBHw=="
    "resolved" "https://registry.npmjs.org/@jimp/plugin-scale/-/plugin-scale-0.14.0.tgz"
    "version" "0.14.0"
    dependencies:
      "@babel/runtime" "^7.7.2"
      "@jimp/utils" "^0.14.0"
  
  "@jimp/plugin-shadow@^0.14.0":
    "integrity" "sha512-p2igcEr/iGrLiTu0YePNHyby0WYAXM14c5cECZIVnq/UTOOIQ7xIcWZJ1lRbAEPxVVXPN1UibhZAbr3HAb5BjQ=="
    "resolved" "https://registry.npmjs.org/@jimp/plugin-shadow/-/plugin-shadow-0.14.0.tgz"
    "version" "0.14.0"
    dependencies:
      "@babel/runtime" "^7.7.2"
      "@jimp/utils" "^0.14.0"
  
  "@jimp/plugin-threshold@^0.14.0":
    "integrity" "sha512-N4BlDgm/FoOMV/DQM2rSpzsgqAzkP0DXkWZoqaQrlRxQBo4zizQLzhEL00T/YCCMKnddzgEhnByaocgaaa0fKw=="
    "resolved" "https://registry.npmjs.org/@jimp/plugin-threshold/-/plugin-threshold-0.14.0.tgz"
    "version" "0.14.0"
    dependencies:
      "@babel/runtime" "^7.7.2"
      "@jimp/utils" "^0.14.0"
  
  "@jimp/plugins@^0.14.0":
    "integrity" "sha512-vDO3XT/YQlFlFLq5TqNjQkISqjBHT8VMhpWhAfJVwuXIpilxz5Glu4IDLK6jp4IjPR6Yg2WO8TmRY/HI8vLrOw=="
    "resolved" "https://registry.npmjs.org/@jimp/plugins/-/plugins-0.14.0.tgz"
    "version" "0.14.0"
    dependencies:
      "@babel/runtime" "^7.7.2"
      "@jimp/plugin-blit" "^0.14.0"
      "@jimp/plugin-blur" "^0.14.0"
      "@jimp/plugin-circle" "^0.14.0"
      "@jimp/plugin-color" "^0.14.0"
      "@jimp/plugin-contain" "^0.14.0"
      "@jimp/plugin-cover" "^0.14.0"
      "@jimp/plugin-crop" "^0.14.0"
      "@jimp/plugin-displace" "^0.14.0"
      "@jimp/plugin-dither" "^0.14.0"
      "@jimp/plugin-fisheye" "^0.14.0"
      "@jimp/plugin-flip" "^0.14.0"
      "@jimp/plugin-gaussian" "^0.14.0"
      "@jimp/plugin-invert" "^0.14.0"
      "@jimp/plugin-mask" "^0.14.0"
      "@jimp/plugin-normalize" "^0.14.0"
      "@jimp/plugin-print" "^0.14.0"
      "@jimp/plugin-resize" "^0.14.0"
      "@jimp/plugin-rotate" "^0.14.0"
      "@jimp/plugin-scale" "^0.14.0"
      "@jimp/plugin-shadow" "^0.14.0"
      "@jimp/plugin-threshold" "^0.14.0"
      "timm" "^1.6.1"
  
  "@jimp/png@^0.14.0":
    "integrity" "sha512-0RV/mEIDOrPCcNfXSPmPBqqSZYwGADNRVUTyMt47RuZh7sugbYdv/uvKmQSiqRdR0L1sfbCBMWUEa5G/8MSbdA=="
    "resolved" "https://registry.npmjs.org/@jimp/png/-/png-0.14.0.tgz"
    "version" "0.14.0"
    dependencies:
      "@babel/runtime" "^7.7.2"
      "@jimp/utils" "^0.14.0"
      "pngjs" "^3.3.3"
  
  "@jimp/tiff@^0.14.0":
    "integrity" "sha512-zBYDTlutc7j88G/7FBCn3kmQwWr0rmm1e0FKB4C3uJ5oYfT8645lftUsvosKVUEfkdmOaMAnhrf4ekaHcb5gQw=="
    "resolved" "https://registry.npmjs.org/@jimp/tiff/-/tiff-0.14.0.tgz"
    "version" "0.14.0"
    dependencies:
      "@babel/runtime" "^7.7.2"
      "utif" "^2.0.1"
  
  "@jimp/types@^0.14.0":
    "integrity" "sha512-hx3cXAW1KZm+b+XCrY3LXtdWy2U+hNtq0rPyJ7NuXCjU7lZR3vIkpz1DLJ3yDdS70hTi5QDXY3Cd9kd6DtloHQ=="
    "resolved" "https://registry.npmjs.org/@jimp/types/-/types-0.14.0.tgz"
    "version" "0.14.0"
    dependencies:
      "@babel/runtime" "^7.7.2"
      "@jimp/bmp" "^0.14.0"
      "@jimp/gif" "^0.14.0"
      "@jimp/jpeg" "^0.14.0"
      "@jimp/png" "^0.14.0"
      "@jimp/tiff" "^0.14.0"
      "timm" "^1.6.1"
  
  "@jimp/utils@^0.14.0":
    "integrity" "sha512-MY5KFYUru0y74IsgM/9asDwb3ERxWxXEu3CRCZEvE7DtT86y1bR1XgtlSliMrptjz4qbivNGMQSvUBpEFJDp1A=="
    "resolved" "https://registry.npmjs.org/@jimp/utils/-/utils-0.14.0.tgz"
    "version" "0.14.0"
    dependencies:
      "@babel/runtime" "^7.7.2"
      "regenerator-runtime" "^0.13.3"
  
  "accepts@~1.3.7":
    "integrity" "sha512-Il80Qs2WjYlJIBNzNkK6KYqlVMTbZLXgHx2oT0pU/fjRHyEp+PEfEPY0R3WCwAGVOtauxh1hOxNgIf5bv7dQpA=="
    "resolved" "https://registry.npmjs.org/accepts/-/accepts-1.3.7.tgz"
    "version" "1.3.7"
    dependencies:
      "mime-types" "~2.1.24"
      "negotiator" "0.6.2"
  
  "ansi-regex@^2.0.0":
    "integrity" "sha1-w7M6te42DYbg5ijwRorn7yfWVN8="
    "resolved" "https://registry.npmjs.org/ansi-regex/-/ansi-regex-2.1.1.tgz"
    "version" "2.1.1"
  
  "ansi-regex@^3.0.0":
    "integrity" "sha1-7QMXwyIGT3lGbAKWa922Bas32Zg="
    "resolved" "https://registry.npmjs.org/ansi-regex/-/ansi-regex-3.0.0.tgz"
    "version" "3.0.0"
  
  "any-base@^1.1.0":
    "integrity" "sha512-uMgjozySS8adZZYePpaWs8cxB9/kdzmpX6SgJZ+wbz1K5eYk5QMYDVJaZKhxyIHUdnnJkfR7SVgStgH7LkGUyg=="
    "resolved" "https://registry.npmjs.org/any-base/-/any-base-1.1.0.tgz"
    "version" "1.1.0"
  
  "aproba@^1.0.3":
    "integrity" "sha512-Y9J6ZjXtoYh8RnXVCMOU/ttDmk1aBjunq9vO0ta5x85WDQiQfUF9sIPBITdbiiIVcBo03Hi3jMxigBtsddlXRw=="
    "resolved" "https://registry.npmjs.org/aproba/-/aproba-1.2.0.tgz"
    "version" "1.2.0"
  
  "are-we-there-yet@~1.1.2":
    "integrity" "sha512-5hYdAkZlcG8tOLujVDTgCT+uPX0VnpAH28gWsLfzpXYm7wP6mp5Q/gYyR7YQ0cKVJcXJnl3j2kpBan13PtQf6w=="
    "resolved" "https://registry.npmjs.org/are-we-there-yet/-/are-we-there-yet-1.1.5.tgz"
    "version" "1.1.5"
    dependencies:
      "delegates" "^1.0.0"
      "readable-stream" "^2.0.6"
  
  "array-flatten@1.1.1":
    "integrity" "sha1-ml9pkFGx5wczKPKgCJaLZOopVdI="
    "resolved" "https://registry.npmjs.org/array-flatten/-/array-flatten-1.1.1.tgz"
    "version" "1.1.1"
  
  "base64-js@^1.3.1":
    "integrity" "sha512-AKpaYlHn8t4SVbOHCy+b5+KKgvR4vrsD8vbvrbiQJps7fKDTkjkDry6ji0rUJjC0kzbNePLwzxq8iypo41qeWA=="
    "resolved" "https://registry.npmjs.org/base64-js/-/base64-js-1.5.1.tgz"
    "version" "1.5.1"
  
  "bl@^4.0.3":
    "integrity" "sha512-1W07cM9gS6DcLperZfFSj+bWLtaPGSOHWhPiGzXmvVJbRLdG82sH/Kn8EtW1VqWVA54AKf2h5k5BbnIbwF3h6w=="
    "resolved" "https://registry.npmjs.org/bl/-/bl-4.1.0.tgz"
    "version" "4.1.0"
    dependencies:
      "buffer" "^5.5.0"
      "inherits" "^2.0.4"
      "readable-stream" "^3.4.0"
  
  "bmp-js@^0.1.0":
    "integrity" "sha1-4Fpj95amwf8l9Hcex62twUjAcjM="
    "resolved" "https://registry.npmjs.org/bmp-js/-/bmp-js-0.1.0.tgz"
    "version" "0.1.0"
  
  "body-parser@1.19.0":
    "integrity" "sha512-dhEPs72UPbDnAQJ9ZKMNTP6ptJaionhP5cBb541nXPlW60Jepo9RV/a4fX4XWW9CuFNK22krhrj1+rgzifNCsw=="
    "resolved" "https://registry.npmjs.org/body-parser/-/body-parser-1.19.0.tgz"
    "version" "1.19.0"
    dependencies:
      "bytes" "3.1.0"
      "content-type" "~1.0.4"
      "debug" "2.6.9"
      "depd" "~1.1.2"
      "http-errors" "1.7.2"
      "iconv-lite" "0.4.24"
      "on-finished" "~2.3.0"
      "qs" "6.7.0"
      "raw-body" "2.4.0"
      "type-is" "~1.6.17"
  
  "buffer-equal@0.0.1":
    "integrity" "sha1-kbx0sR6kBbyRa8aqkI+q+ltKrEs="
    "resolved" "https://registry.npmjs.org/buffer-equal/-/buffer-equal-0.0.1.tgz"
    "version" "0.0.1"
  
  "buffer@^5.2.0", "buffer@^5.5.0":
    "integrity" "sha512-EHcyIPBQ4BSGlvjB16k5KgAJ27CIsHY/2JBmCRReo48y9rQ3MaUzWX3KVlBa4U7MyX02HdVj0K7C3WaB3ju7FQ=="
    "resolved" "https://registry.npmjs.org/buffer/-/buffer-5.7.1.tgz"
    "version" "5.7.1"
    dependencies:
      "base64-js" "^1.3.1"
      "ieee754" "^1.1.13"
  
  "bytes@3.1.0":
    "integrity" "sha512-zauLjrfCG+xvoyaqLoV8bLVXXNGC4JqlxFCutSDWA6fJrTo2ZuvLYTqZ7aHBLZSMOopbzwv8f+wZcVzfVTI2Dg=="
    "resolved" "https://registry.npmjs.org/bytes/-/bytes-3.1.0.tgz"
    "version" "3.1.0"
  
  "chownr@^1.1.1":
    "integrity" "sha512-jJ0bqzaylmJtVnNgzTeSOs8DPavpbYgEr/b0YL8/2GO3xJEhInFmhKMUnEJQjZumK7KXGFhUy89PrsJWlakBVg=="
    "resolved" "https://registry.npmjs.org/chownr/-/chownr-1.1.4.tgz"
    "version" "1.1.4"
  
  "chownr@^2.0.0":
    "integrity" "sha512-bIomtDF5KGpdogkLd9VspvFzk9KfpyyGlS8YFVZl7TGPBHL5snIOnxeshwVgPteQ9b4Eydl+pVbIyE1DcvCWgQ=="
    "resolved" "https://registry.npmjs.org/chownr/-/chownr-2.0.0.tgz"
    "version" "2.0.0"
  
  "code-point-at@^1.0.0":
    "integrity" "sha1-DQcLTQQ6W+ozovGkDi7bPZpMz3c="
    "resolved" "https://registry.npmjs.org/code-point-at/-/code-point-at-1.1.0.tgz"
    "version" "1.1.0"
  
  "color-convert@^1.9.3":
    "integrity" "sha512-QfAUtd+vFdAtFQcC8CCyYt1fYWxSqAiK2cSD6zDB8N3cpsEBAvRxp9zOGg6G/SHHJYAT88/az/IuDGALsNVbGg=="
    "resolved" "https://registry.npmjs.org/color-convert/-/color-convert-1.9.3.tgz"
    "version" "1.9.3"
    dependencies:
      "color-name" "1.1.3"
  
  "color-name@^1.0.0":
    "integrity" "sha512-dOy+3AuW3a2wNbZHIuMZpTcgjGuLU/uBL/ubcZF9OXbDo8ff4O8yVp5Bf0efS8uEoYo5q4Fx7dY9OgQGXgAsQA=="
    "resolved" "https://registry.npmjs.org/color-name/-/color-name-1.1.4.tgz"
    "version" "1.1.4"
  
  "color-name@1.1.3":
    "integrity" "sha1-p9BVi9icQveV3UIyj3QIMcpTvCU="
    "resolved" "https://registry.npmjs.org/color-name/-/color-name-1.1.3.tgz"
    "version" "1.1.3"
  
  "color-string@^1.6.0":
    "integrity" "sha512-c/hGS+kRWJutUBEngKKmk4iH3sD59MBkoxVapS/0wgpCz2u7XsNloxknyvBhzwEs1IbV36D9PwqLPJ2DTu3vMA=="
    "resolved" "https://registry.npmjs.org/color-string/-/color-string-1.6.0.tgz"
    "version" "1.6.0"
    dependencies:
      "color-name" "^1.0.0"
      "simple-swizzle" "^0.2.2"
  
  "color@^3.1.2":
    "integrity" "sha512-aBl7dZI9ENN6fUGC7mWpMTPNHmWUSNan9tuWN6ahh5ZLNk9baLJOnSMlrQkHcrfFgz2/RigjUVAjdx36VcemKA=="
    "resolved" "https://registry.npmjs.org/color/-/color-3.2.1.tgz"
    "version" "3.2.1"
    dependencies:
      "color-convert" "^1.9.3"
      "color-string" "^1.6.0"
  
  "console-control-strings@^1.0.0", "console-control-strings@~1.1.0":
    "integrity" "sha1-PXz0Rk22RG6mRL9LOVB/mFEAjo4="
    "resolved" "https://registry.npmjs.org/console-control-strings/-/console-control-strings-1.1.0.tgz"
    "version" "1.1.0"
  
  "content-disposition@0.5.3":
    "integrity" "sha512-ExO0774ikEObIAEV9kDo50o+79VCUdEB6n6lzKgGwupcVeRlhrj3qGAfwq8G6uBJjkqLrhT0qEYFcWng8z1z0g=="
    "resolved" "https://registry.npmjs.org/content-disposition/-/content-disposition-0.5.3.tgz"
    "version" "0.5.3"
    dependencies:
      "safe-buffer" "5.1.2"
  
  "content-type@~1.0.4":
    "integrity" "sha512-hIP3EEPs8tB9AT1L+NUqtwOAps4mk2Zob89MWXMHjHWg9milF/j4osnnQLXBCBFBk/tvIG/tUc9mOUJiPBhPXA=="
    "resolved" "https://registry.npmjs.org/content-type/-/content-type-1.0.4.tgz"
    "version" "1.0.4"
  
  "cookie-signature@1.0.6":
    "integrity" "sha1-4wOogrNCzD7oylE6eZmXNNqzriw="
    "resolved" "https://registry.npmjs.org/cookie-signature/-/cookie-signature-1.0.6.tgz"
    "version" "1.0.6"
  
  "cookie@0.4.0":
    "integrity" "sha512-+Hp8fLp57wnUSt0tY0tHEXh4voZRDnoIrZPqlo3DPiI4y9lwg/jqx+1Om94/W6ZaPDOUbnjOt/99w66zk+l1Xg=="
    "resolved" "https://registry.npmjs.org/cookie/-/cookie-0.4.0.tgz"
    "version" "0.4.0"
  
  "core-util-is@~1.0.0":
    "integrity" "sha1-tf1UIgqivFq1eqtxQMlAdUUDwac="
    "resolved" "https://registry.npmjs.org/core-util-is/-/core-util-is-1.0.2.tgz"
    "version" "1.0.2"
  
  "cors@^2.8.5":
    "integrity" "sha512-KIHbLJqu73RGr/hnbrO9uBeixNGuvSQjul/jdFvS/KFSIH1hWVd1ng7zOHx+YrEfInLG7q4n6GHQ9cDtxv/P6g=="
    "resolved" "https://registry.npmjs.org/cors/-/cors-2.8.5.tgz"
    "version" "2.8.5"
    dependencies:
      "object-assign" "^4"
      "vary" "^1"
  
  "debug@2.6.9":
    "integrity" "sha512-bC7ElrdJaJnPbAP+1EotYvqZsb3ecl5wi6Bfi6BJTUcNowp6cvspg0jXznRTKDjm/E7AdgFBVeAPVMNcKGsHMA=="
    "resolved" "https://registry.npmjs.org/debug/-/debug-2.6.9.tgz"
    "version" "2.6.9"
    dependencies:
      "ms" "2.0.0"
  
  "decompress-response@^4.2.0":
    "integrity" "sha512-jOSne2qbyE+/r8G1VU+G/82LBs2Fs4LAsTiLSHOCOMZQl2OKZ6i8i4IyHemTe+/yIXOtTcRQMzPcgyhoFlqPkw=="
    "resolved" "https://registry.npmjs.org/decompress-response/-/decompress-response-4.2.1.tgz"
    "version" "4.2.1"
    dependencies:
      "mimic-response" "^2.0.0"
  
  "decompress-response@^6.0.0":
    "integrity" "sha512-aW35yZM6Bb/4oJlZncMH2LCoZtJXTRxES17vE3hoRiowU2kWHaJKFkSBDnDR+cm9J+9QhXmREyIfv0pji9ejCQ=="
    "resolved" "https://registry.npmjs.org/decompress-response/-/decompress-response-6.0.0.tgz"
    "version" "6.0.0"
    dependencies:
      "mimic-response" "^3.1.0"
  
  "deep-extend@^0.6.0":
    "integrity" "sha512-LOHxIOaPYdHlJRtCQfDIVZtfw/ufM8+rVj649RIHzcm/vGwQRXFt6OPqIFWsm2XEMrNIEtWR64sY1LEKD2vAOA=="
    "resolved" "https://registry.npmjs.org/deep-extend/-/deep-extend-0.6.0.tgz"
    "version" "0.6.0"
  
  "delegates@^1.0.0":
    "integrity" "sha1-hMbhWbgZBP3KWaDvRM2HDTElD5o="
    "resolved" "https://registry.npmjs.org/delegates/-/delegates-1.0.0.tgz"
    "version" "1.0.0"
  
  "depd@~1.1.2":
    "integrity" "sha1-m81S4UwJd2PnSbJ0xDRu0uVgtak="
    "resolved" "https://registry.npmjs.org/depd/-/depd-1.1.2.tgz"
    "version" "1.1.2"
  
  "destroy@~1.0.4":
    "integrity" "sha1-l4hXRCxEdJ5CBmE+N5RiBYJqvYA="
    "resolved" "https://registry.npmjs.org/destroy/-/destroy-1.0.4.tgz"
    "version" "1.0.4"
  
  "detect-libc@^1.0.3":
    "integrity" "sha1-+hN8S9aY7fVc1c0CrFWfkaTEups="
    "resolved" "https://registry.npmjs.org/detect-libc/-/detect-libc-1.0.3.tgz"
    "version" "1.0.3"
  
  "dom-walk@^0.1.0":
    "integrity" "sha512-6QvTW9mrGeIegrFXdtQi9pk7O/nSK6lSdXW2eqUspN5LWD7UTji2Fqw5V2YLjBpHEoU9Xl/eUWNpDeZvoyOv2w=="
    "resolved" "https://registry.npmjs.org/dom-walk/-/dom-walk-0.1.2.tgz"
    "version" "0.1.2"
  
  "ee-first@1.1.1":
    "integrity" "sha1-WQxhFWsK4vTwJVcyoViyZrxWsh0="
    "resolved" "https://registry.npmjs.org/ee-first/-/ee-first-1.1.1.tgz"
    "version" "1.1.1"
  
  "encodeurl@~1.0.2":
    "integrity" "sha1-rT/0yG7C0CkyL1oCw6mmBslbP1k="
    "resolved" "https://registry.npmjs.org/encodeurl/-/encodeurl-1.0.2.tgz"
    "version" "1.0.2"
  
  "end-of-stream@^1.1.0", "end-of-stream@^1.4.1":
    "integrity" "sha512-+uw1inIHVPQoaVuHzRyXd21icM+cnt4CzD5rW+NC1wjOUSTOs+Te7FOv7AhN7vS9x/oIyhLP5PR1H+phQAHu5Q=="
    "resolved" "https://registry.npmjs.org/end-of-stream/-/end-of-stream-1.4.4.tgz"
    "version" "1.4.4"
    dependencies:
      "once" "^1.4.0"
  
  "escape-html@~1.0.3":
    "integrity" "sha1-Aljq5NPQwJdN4cFpGI7wBR0dGYg="
    "resolved" "https://registry.npmjs.org/escape-html/-/escape-html-1.0.3.tgz"
    "version" "1.0.3"
  
  "etag@~1.8.1":
    "integrity" "sha1-Qa4u62XvpiJorr/qg6x9eSmbCIc="
    "resolved" "https://registry.npmjs.org/etag/-/etag-1.8.1.tgz"
    "version" "1.8.1"
  
  "exif-parser@^0.1.12":
    "integrity" "sha1-WKnS1ywCwfbwKg70qRZicrd2CSI="
    "resolved" "https://registry.npmjs.org/exif-parser/-/exif-parser-0.1.12.tgz"
    "version" "0.1.12"
  
  "expand-template@^2.0.3":
    "integrity" "sha512-XYfuKMvj4O35f/pOXLObndIRvyQ+/+6AhODh+OKWj9S9498pHHn/IMszH+gt0fBCRWMNfk1ZSp5x3AifmnI2vg=="
    "resolved" "https://registry.npmjs.org/expand-template/-/expand-template-2.0.3.tgz"
    "version" "2.0.3"
  
  "express@^4.17.1":
    "integrity" "sha512-mHJ9O79RqluphRrcw2X/GTh3k9tVv8YcoyY4Kkh4WDMUYKRZUq0h1o0w2rrrxBqM7VoeUVqgb27xlEMXTnYt4g=="
    "resolved" "https://registry.npmjs.org/express/-/express-4.17.1.tgz"
    "version" "4.17.1"
    dependencies:
      "accepts" "~1.3.7"
      "array-flatten" "1.1.1"
      "body-parser" "1.19.0"
      "content-disposition" "0.5.3"
      "content-type" "~1.0.4"
      "cookie" "0.4.0"
      "cookie-signature" "1.0.6"
      "debug" "2.6.9"
      "depd" "~1.1.2"
      "encodeurl" "~1.0.2"
      "escape-html" "~1.0.3"
      "etag" "~1.8.1"
      "finalhandler" "~1.1.2"
      "fresh" "0.5.2"
      "merge-descriptors" "1.0.1"
      "methods" "~1.1.2"
      "on-finished" "~2.3.0"
      "parseurl" "~1.3.3"
      "path-to-regexp" "0.1.7"
      "proxy-addr" "~2.0.5"
      "qs" "6.7.0"
      "range-parser" "~1.2.1"
      "safe-buffer" "5.1.2"
      "send" "0.17.1"
      "serve-static" "1.14.1"
      "setprototypeof" "1.1.1"
      "statuses" "~1.5.0"
      "type-is" "~1.6.18"
      "utils-merge" "1.0.1"
      "vary" "~1.1.2"
  
  "file-type@^9.0.0":
    "integrity" "sha512-Qe/5NJrgIOlwijpq3B7BEpzPFcgzggOTagZmkXQY4LA6bsXKTUstK7Wp12lEJ/mLKTpvIZxmIuRcLYWT6ov9lw=="
    "resolved" "https://registry.npmjs.org/file-type/-/file-type-9.0.0.tgz"
    "version" "9.0.0"
  
  "finalhandler@~1.1.2":
    "integrity" "sha512-aAWcW57uxVNrQZqFXjITpW3sIUQmHGG3qSb9mUah9MgMC4NeWhNOlNjXEYq3HjRAvL6arUviZGGJsBg6z0zsWA=="
    "resolved" "https://registry.npmjs.org/finalhandler/-/finalhandler-1.1.2.tgz"
    "version" "1.1.2"
    dependencies:
      "debug" "2.6.9"
      "encodeurl" "~1.0.2"
      "escape-html" "~1.0.3"
      "on-finished" "~2.3.0"
      "parseurl" "~1.3.3"
      "statuses" "~1.5.0"
      "unpipe" "~1.0.0"
  
  "formidable@^1.2.2":
    "integrity" "sha512-V8gLm+41I/8kguQ4/o1D3RIHRmhYFG4pnNyonvua+40rqcEmT4+V71yaZ3B457xbbgCsCfjSPi65u/W6vK1U5Q=="
    "resolved" "https://registry.npmjs.org/formidable/-/formidable-1.2.2.tgz"
    "version" "1.2.2"
  
  "forwarded@0.2.0":
    "integrity" "sha512-buRG0fpBtRHSTCOASe6hD258tEubFoRLb4ZNA6NxMVHNw2gOcwHo9wyablzMzOA5z9xA9L1KNjk/Nt6MT9aYow=="
    "resolved" "https://registry.npmjs.org/forwarded/-/forwarded-0.2.0.tgz"
    "version" "0.2.0"
  
  "fresh@0.5.2":
    "integrity" "sha1-PYyt2Q2XZWn6g1qx+OSyOhBWBac="
    "resolved" "https://registry.npmjs.org/fresh/-/fresh-0.5.2.tgz"
    "version" "0.5.2"
  
  "fs-constants@^1.0.0":
    "integrity" "sha512-y6OAwoSIf7FyjMIv94u+b5rdheZEjzR63GTyZJm5qh4Bi+2YgwLCcI/fPFZkL5PSixOt6ZNKm+w+Hfp/Bciwow=="
    "resolved" "https://registry.npmjs.org/fs-constants/-/fs-constants-1.0.0.tgz"
    "version" "1.0.0"
  
  "fs-minipass@^2.0.0":
    "integrity" "sha512-V/JgOLFCS+R6Vcq0slCuaeWEdNC3ouDlJMNIsacH2VtALiu9mV4LPrHc5cDl8k5aw6J8jwgWWpiTo5RYhmIzvg=="
    "resolved" "https://registry.npmjs.org/fs-minipass/-/fs-minipass-2.1.0.tgz"
    "version" "2.1.0"
    dependencies:
      "minipass" "^3.0.0"
  
  "fs@*":
    "integrity" "sha1-invTcYa23d84E/I4WLV+yq9eQdQ="
    "resolved" "https://registry.npmjs.org/fs/-/fs-0.0.1-security.tgz"
    "version" "0.0.1-security"
  
  "gauge@~2.7.3":
    "integrity" "sha1-LANAXHU4w51+s3sxcCLjJfsBi/c="
    "resolved" "https://registry.npmjs.org/gauge/-/gauge-2.7.4.tgz"
    "version" "2.7.4"
    dependencies:
      "aproba" "^1.0.3"
      "console-control-strings" "^1.0.0"
      "has-unicode" "^2.0.0"
      "object-assign" "^4.1.0"
      "signal-exit" "^3.0.0"
      "string-width" "^1.0.1"
      "strip-ansi" "^3.0.1"
      "wide-align" "^1.1.0"
  
  "get-image-data@^5.0.0":
    "integrity" "sha512-iMkb4Lwsu0L4z0NT0Q++XnBER23IS4qeqUOqiSS7zloMocpDt8PAW1+iDOUvnIMYPGf0YU9vlA2T6ayO4Om9nw=="
    "resolved" "https://registry.npmjs.org/get-image-data/-/get-image-data-5.0.0.tgz"
    "version" "5.0.0"
  
  "gifwrap@^0.9.2":
    "integrity" "sha512-fcIswrPaiCDAyO8xnWvHSZdWChjKXUanKKpAiWWJ/UTkEi/aYKn5+90e7DE820zbEaVR9CE2y4z9bzhQijZ0BA=="
    "resolved" "https://registry.npmjs.org/gifwrap/-/gifwrap-0.9.2.tgz"
    "version" "0.9.2"
    dependencies:
      "image-q" "^1.1.1"
      "omggif" "^1.0.10"
  
  "github-from-package@0.0.0":
    "integrity" "sha1-l/tdlr/eiXMxPyDoKI75oWf6ZM4="
    "resolved" "https://registry.npmjs.org/github-from-package/-/github-from-package-0.0.0.tgz"
    "version" "0.0.0"
  
  "global@~4.4.0":
    "integrity" "sha512-wv/LAoHdRE3BeTGz53FAamhGlPLhlssK45usmGFThIi4XqnBmjKQ16u+RNbP7WvigRZDxUsM0J3gcQ5yicaL0w=="
    "resolved" "https://registry.npmjs.org/global/-/global-4.4.0.tgz"
    "version" "4.4.0"
    dependencies:
      "min-document" "^2.19.0"
      "process" "^0.11.10"
  
  "has-unicode@^2.0.0":
    "integrity" "sha1-4Ob+aijPUROIVeCG0Wkedx3iqLk="
    "resolved" "https://registry.npmjs.org/has-unicode/-/has-unicode-2.0.1.tgz"
    "version" "2.0.1"
  
  "http-errors@~1.7.2":
    "integrity" "sha512-ZTTX0MWrsQ2ZAhA1cejAwDLycFsd7I7nVtnkT3Ol0aqodaKW+0CTZDQ1uBv5whptCnc8e8HeRRJxRs0kmm/Qfw=="
    "resolved" "https://registry.npmjs.org/http-errors/-/http-errors-1.7.3.tgz"
    "version" "1.7.3"
    dependencies:
      "depd" "~1.1.2"
      "inherits" "2.0.4"
      "setprototypeof" "1.1.1"
      "statuses" ">= 1.5.0 < 2"
      "toidentifier" "1.0.0"
  
  "http-errors@1.7.2":
    "integrity" "sha512-uUQBt3H/cSIVfch6i1EuPNy/YsRSOUBXTVfZ+yR7Zjez3qjBz6i9+i4zjNaoqcoFVI4lQJ5plg63TvGfRSDCRg=="
    "resolved" "https://registry.npmjs.org/http-errors/-/http-errors-1.7.2.tgz"
    "version" "1.7.2"
    dependencies:
      "depd" "~1.1.2"
      "inherits" "2.0.3"
      "setprototypeof" "1.1.1"
      "statuses" ">= 1.5.0 < 2"
      "toidentifier" "1.0.0"
  
  "iconv-lite@0.4.24":
    "integrity" "sha512-v3MXnZAcvnywkTUEZomIActle7RXXeedOR31wwl7VlyoXO4Qi9arvSenNQWne1TcRwhCL1HwLI21bEqdpj8/rA=="
    "resolved" "https://registry.npmjs.org/iconv-lite/-/iconv-lite-0.4.24.tgz"
    "version" "0.4.24"
    dependencies:
      "safer-buffer" ">= 2.1.2 < 3"
  
  "ieee754@^1.1.13":
    "integrity" "sha512-dcyqhDvX1C46lXZcVqCpK+FtMRQVdIMN6/Df5js2zouUsqG7I6sFxitIC+7KYK29KdXOLHdu9zL4sFnoVQnqaA=="
    "resolved" "https://registry.npmjs.org/ieee754/-/ieee754-1.2.1.tgz"
    "version" "1.2.1"
  
  "image-q@^1.1.1":
    "integrity" "sha1-/IQJlmRGC5DKhi2TALa/u7+/gFY="
    "resolved" "https://registry.npmjs.org/image-q/-/image-q-1.1.1.tgz"
    "version" "1.1.1"
  
  "inherits@^2.0.3", "inherits@~2.0.3", "inherits@2.0.3":
    "integrity" "sha1-Yzwsg+PaQqUC9SRmAiSA9CCCYd4="
    "resolved" "https://registry.npmjs.org/inherits/-/inherits-2.0.3.tgz"
    "version" "2.0.3"
  
  "inherits@^2.0.4":
    "integrity" "sha512-k/vGaX4/Yla3WzyMCvTQOXYeIHvqOKtnqBduzTHpzpQZzAskKMhZ2K+EnBiSM9zGSoIFeMpXKxa4dYeZIQqewQ=="
    "resolved" "https://registry.npmjs.org/inherits/-/inherits-2.0.4.tgz"
    "version" "2.0.4"
  
  "inherits@2.0.4":
    "integrity" "sha512-k/vGaX4/Yla3WzyMCvTQOXYeIHvqOKtnqBduzTHpzpQZzAskKMhZ2K+EnBiSM9zGSoIFeMpXKxa4dYeZIQqewQ=="
    "resolved" "https://registry.npmjs.org/inherits/-/inherits-2.0.4.tgz"
    "version" "2.0.4"
  
  "ini@~1.3.0":
    "integrity" "sha512-JV/yugV2uzW5iMRSiZAyDtQd+nxtUnjeLt0acNdw98kKLrvuRVyB80tsREOE7yvGVgalhZ6RNXCmEHkUKBKxew=="
    "resolved" "https://registry.npmjs.org/ini/-/ini-1.3.8.tgz"
    "version" "1.3.8"
  
  "ipaddr.js@1.9.1":
    "integrity" "sha512-0KI/607xoxSToH7GjN1FfSbLoU0+btTicjsQSWQlh/hZykN8KpmMf7uYwPW3R+akZ6R/w18ZlXSHBYXiYUPO3g=="
    "resolved" "https://registry.npmjs.org/ipaddr.js/-/ipaddr.js-1.9.1.tgz"
    "version" "1.9.1"
  
  "is-arrayish@^0.3.1":
    "integrity" "sha512-eVRqCvVlZbuw3GrM63ovNSNAeA1K16kaR/LRY/92w0zxQ5/1YzwblUX652i4Xs9RwAGjW9d9y6X88t8OaAJfWQ=="
    "resolved" "https://registry.npmjs.org/is-arrayish/-/is-arrayish-0.3.2.tgz"
    "version" "0.3.2"
  
  "is-fullwidth-code-point@^1.0.0":
    "integrity" "sha1-754xOG8DGn8NZDr4L95QxFfvAMs="
    "resolved" "https://registry.npmjs.org/is-fullwidth-code-point/-/is-fullwidth-code-point-1.0.0.tgz"
    "version" "1.0.0"
    dependencies:
      "number-is-nan" "^1.0.0"
  
  "is-fullwidth-code-point@^2.0.0":
    "integrity" "sha1-o7MKXE8ZkYMWeqq5O+764937ZU8="
    "resolved" "https://registry.npmjs.org/is-fullwidth-code-point/-/is-fullwidth-code-point-2.0.0.tgz"
    "version" "2.0.0"
  
  "is-function@^1.0.1":
    "integrity" "sha512-lw7DUp0aWXYg+CBCN+JKkcE0Q2RayZnSvnZBlwgxHBQhqt5pZNVy4Ri7H9GmmXkdu7LUthszM+Tor1u/2iBcpQ=="
    "resolved" "https://registry.npmjs.org/is-function/-/is-function-1.0.2.tgz"
    "version" "1.0.2"
  
  "isarray@~1.0.0":
    "integrity" "sha1-u5NdSFgsuhaMBoNJV6VKPgcSTxE="
    "resolved" "https://registry.npmjs.org/isarray/-/isarray-1.0.0.tgz"
    "version" "1.0.0"
  
  "jimp@^0.14.0":
    "integrity" "sha512-8BXU+J8+SPmwwyq9ELihpSV4dWPTiOKBWCEgtkbnxxAVMjXdf3yGmyaLSshBfXc8sP/JQ9OZj5R8nZzz2wPXgA=="
    "resolved" "https://registry.npmjs.org/jimp/-/jimp-0.14.0.tgz"
    "version" "0.14.0"
    dependencies:
      "@babel/runtime" "^7.7.2"
      "@jimp/custom" "^0.14.0"
      "@jimp/plugins" "^0.14.0"
      "@jimp/types" "^0.14.0"
      "regenerator-runtime" "^0.13.3"
  
  "jpeg-js@^0.4.0":
    "integrity" "sha512-ru1HWKek8octvUHFHvE5ZzQ1yAsJmIvRdGWvSoKV52XKyuyYA437QWDttXT8eZXDSbuMpHlLzPDZUPd6idIz+Q=="
    "resolved" "https://registry.npmjs.org/jpeg-js/-/jpeg-js-0.4.3.tgz"
    "version" "0.4.3"
  
  "load-bmfont@^1.3.1", "load-bmfont@^1.4.0":
    "integrity" "sha512-8UyQoYmdRDy81Brz6aLAUhfZLwr5zV0L3taTQ4hju7m6biuwiWiJXjPhBJxbUQJA8PrkvJ/7Enqmwk2sM14soA=="
    "resolved" "https://registry.npmjs.org/load-bmfont/-/load-bmfont-1.4.1.tgz"
    "version" "1.4.1"
    dependencies:
      "buffer-equal" "0.0.1"
      "mime" "^1.3.4"
      "parse-bmfont-ascii" "^1.0.3"
      "parse-bmfont-binary" "^1.0.5"
      "parse-bmfont-xml" "^1.1.4"
      "phin" "^2.9.1"
      "xhr" "^2.0.1"
      "xtend" "^4.0.0"
  
  "lru-cache@^6.0.0":
    "integrity" "sha512-Jo6dJ04CmSjuznwJSS3pUeWmd/H0ffTlkXXgwZi+eq1UCmqQwCh+eLsYOYCwY991i2Fah4h1BEMCx4qThGbsiA=="
    "resolved" "https://registry.npmjs.org/lru-cache/-/lru-cache-6.0.0.tgz"
    "version" "6.0.0"
    dependencies:
      "yallist" "^4.0.0"
  
  "media-typer@0.3.0":
    "integrity" "sha1-hxDXrwqmJvj/+hzgAWhUUmMlV0g="
    "resolved" "https://registry.npmjs.org/media-typer/-/media-typer-0.3.0.tgz"
    "version" "0.3.0"
  
  "merge-descriptors@1.0.1":
    "integrity" "sha1-sAqqVW3YtEVoFQ7J0blT8/kMu2E="
    "resolved" "https://registry.npmjs.org/merge-descriptors/-/merge-descriptors-1.0.1.tgz"
    "version" "1.0.1"
  
  "methods@~1.1.2":
    "integrity" "sha1-VSmk1nZUE07cxSZmVoNbD4Ua/O4="
    "resolved" "https://registry.npmjs.org/methods/-/methods-1.1.2.tgz"
    "version" "1.1.2"
  
  "mime-db@1.49.0":
    "integrity" "sha512-CIc8j9URtOVApSFCQIF+VBkX1RwXp/oMMOrqdyXSBXq5RWNEsRfyj1kiRnQgmNXmHxPoFIxOroKA3zcU9P+nAA=="
    "resolved" "https://registry.npmjs.org/mime-db/-/mime-db-1.49.0.tgz"
    "version" "1.49.0"
  
  "mime-types@~2.1.24":
    "integrity" "sha512-hJGaVS4G4c9TSMYh2n6SQAGrC4RnfU+daP8G7cSCmaqNjiOoUY0VHCMS42pxnQmVF1GWwFhbHWn3RIxCqTmZ9A=="
    "resolved" "https://registry.npmjs.org/mime-types/-/mime-types-2.1.32.tgz"
    "version" "2.1.32"
    dependencies:
      "mime-db" "1.49.0"
  
  "mime@^1.3.4", "mime@1.6.0":
    "integrity" "sha512-x0Vn8spI+wuJ1O6S7gnbaQg8Pxh4NNHb7KSINmEWKiPE4RKOplvijn+NkmYmmRgP68mc70j2EbeTFRsrswaQeg=="
    "resolved" "https://registry.npmjs.org/mime/-/mime-1.6.0.tgz"
    "version" "1.6.0"
  
  "mimic-response@^2.0.0":
    "integrity" "sha512-wXqjST+SLt7R009ySCglWBCFpjUygmCIfD790/kVbiGmUgfYGuB14PiTd5DwVxSV4NcYHjzMkoj5LjQZwTQLEA=="
    "resolved" "https://registry.npmjs.org/mimic-response/-/mimic-response-2.1.0.tgz"
    "version" "2.1.0"
  
  "mimic-response@^3.1.0":
    "integrity" "sha512-z0yWI+4FDrrweS8Zmt4Ej5HdJmky15+L2e6Wgn3+iK5fWzb6T3fhNFq2+MeTRb064c6Wr4N/wv0DzQTjNzHNGQ=="
    "resolved" "https://registry.npmjs.org/mimic-response/-/mimic-response-3.1.0.tgz"
    "version" "3.1.0"
  
  "min-document@^2.19.0":
    "integrity" "sha1-e9KC4/WELtKVu3SM3Z8f+iyCRoU="
    "resolved" "https://registry.npmjs.org/min-document/-/min-document-2.19.0.tgz"
    "version" "2.19.0"
    dependencies:
      "dom-walk" "^0.1.0"
  
  "minimist@^1.2.0", "minimist@^1.2.3", "minimist@^1.2.5":
    "integrity" "sha512-FM9nNUYrRBAELZQT3xeZQ7fmMOBg6nWNmJKTcgsJeaLstP/UODVpGsr5OhXhhXg6f+qtJ8uiZ+PUxkDWcgIXLw=="
    "resolved" "https://registry.npmjs.org/minimist/-/minimist-1.2.5.tgz"
    "version" "1.2.5"
  
  "minipass@^3.0.0":
    "integrity" "sha512-Mgd2GdMVzY+x3IJ+oHnVM+KG3lA5c8tnabyJKmHSaG2kAGpudxuOf8ToDkhumF7UzME7DecbQE9uOZhNm7PuJg=="
    "resolved" "https://registry.npmjs.org/minipass/-/minipass-3.1.3.tgz"
    "version" "3.1.3"
    dependencies:
      "yallist" "^4.0.0"
  
  "minizlib@^2.1.1":
    "integrity" "sha512-bAxsR8BVfj60DWXHE3u30oHzfl4G7khkSuPW+qvpd7jFRHm7dLxOjUk1EHACJ/hxLY8phGJ0YhYHZo7jil7Qdg=="
    "resolved" "https://registry.npmjs.org/minizlib/-/minizlib-2.1.2.tgz"
    "version" "2.1.2"
    dependencies:
      "minipass" "^3.0.0"
      "yallist" "^4.0.0"
  
  "mkdirp-classic@^0.5.2", "mkdirp-classic@^0.5.3":
    "integrity" "sha512-gKLcREMhtuZRwRAfqP3RFW+TK4JqApVBtOIftVgjuABpAtpxhPGaDcfvbhNvD0B8iD1oUr/txX35NjcaY6Ns/A=="
    "resolved" "https://registry.npmjs.org/mkdirp-classic/-/mkdirp-classic-0.5.3.tgz"
    "version" "0.5.3"
  
  "mkdirp@^0.5.1":
    "integrity" "sha512-NKmAlESf6jMGym1++R0Ra7wvhV+wFW63FaSOFPwRahvea0gMUcGUhVeAg/0BC0wiv9ih5NYPB1Wn1UEI1/L+xQ=="
    "resolved" "https://registry.npmjs.org/mkdirp/-/mkdirp-0.5.5.tgz"
    "version" "0.5.5"
    dependencies:
      "minimist" "^1.2.5"
  
  "mkdirp@^1.0.3":
    "integrity" "sha512-vVqVZQyf3WLx2Shd0qJ9xuvqgAyKPLAiqITEtqW0oIUjzo3PePDd6fW9iFz30ef7Ysp/oiWqbhszeGWW2T6Gzw=="
    "resolved" "https://registry.npmjs.org/mkdirp/-/mkdirp-1.0.4.tgz"
    "version" "1.0.4"
  
  "ms@2.0.0":
    "integrity" "sha1-VgiurfwAvmwpAd9fmGF4jeDVl8g="
    "resolved" "https://registry.npmjs.org/ms/-/ms-2.0.0.tgz"
    "version" "2.0.0"
  
  "ms@2.1.1":
    "integrity" "sha512-tgp+dl5cGk28utYktBsrFqA7HKgrhgPsg6Z/EfhWI4gl1Hwq8B/GmY/0oXZ6nF8hDVesS/FpnYaD/kOWhYQvyg=="
    "resolved" "https://registry.npmjs.org/ms/-/ms-2.1.1.tgz"
    "version" "2.1.1"
  
  "napi-build-utils@^1.0.1":
    "integrity" "sha512-ONmRUqK7zj7DWX0D9ADe03wbwOBZxNAfF20PlGfCWQcD3+/MakShIHrMqx9YwPTfxDdF1zLeL+RGZiR9kGMLdg=="
    "resolved" "https://registry.npmjs.org/napi-build-utils/-/napi-build-utils-1.0.2.tgz"
    "version" "1.0.2"
  
  "negotiator@0.6.2":
    "integrity" "sha512-hZXc7K2e+PgeI1eDBe/10Ard4ekbfrrqG8Ep+8Jmf4JID2bNg7NvCPOZN+kfF574pFQI7mum2AUqDidoKqcTOw=="
    "resolved" "https://registry.npmjs.org/negotiator/-/negotiator-0.6.2.tgz"
    "version" "0.6.2"
  
  "node-abi@^2.7.0":
    "integrity" "sha512-g6bZh3YCKQRdwuO/tSZZYJAw622SjsRfJ2X0Iy4sSOHZ34/sPPdVBn8fev2tj7njzLwuqPw9uMtGsGkO5kIQvg=="
    "resolved" "https://registry.npmjs.org/node-abi/-/node-abi-2.30.0.tgz"
    "version" "2.30.0"
    dependencies:
      "semver" "^5.4.1"
  
  "node-addon-api@^3.0.0":
    "integrity" "sha512-mmcei9JghVNDYydghQmeDX8KoAm0FAiYyIcUt/N4nhyAipB17pllZQDOJD2fotxABnt4Mdz+dKTO7eftLg4d0A=="
    "resolved" "https://registry.npmjs.org/node-addon-api/-/node-addon-api-3.2.1.tgz"
    "version" "3.2.1"
  
  "noop-logger@^0.1.1":
    "integrity" "sha1-lKKxYzxPExdVMAfYlm/Q6EG2pMI="
    "resolved" "https://registry.npmjs.org/noop-logger/-/noop-logger-0.1.1.tgz"
    "version" "0.1.1"
  
  "npmlog@^4.0.1", "npmlog@^4.1.2":
    "integrity" "sha512-2uUqazuKlTaSI/dC8AzicUck7+IrEaOnN/e0jd3Xtt1KcGpwx30v50mL7oPyr/h9bL3E4aZccVwpwP+5W9Vjkg=="
    "resolved" "https://registry.npmjs.org/npmlog/-/npmlog-4.1.2.tgz"
    "version" "4.1.2"
    dependencies:
      "are-we-there-yet" "~1.1.2"
      "console-control-strings" "~1.1.0"
      "gauge" "~2.7.3"
      "set-blocking" "~2.0.0"
  
  "number-is-nan@^1.0.0":
    "integrity" "sha1-CXtgK1NCKlIsGvuHkDGDNpQaAR0="
    "resolved" "https://registry.npmjs.org/number-is-nan/-/number-is-nan-1.0.1.tgz"
    "version" "1.0.1"
  
  "object-assign@^4", "object-assign@^4.1.0":
    "integrity" "sha1-IQmtx5ZYh8/AXLvUQsrIv7s2CGM="
    "resolved" "https://registry.npmjs.org/object-assign/-/object-assign-4.1.1.tgz"
    "version" "4.1.1"
  
  "omggif@^1.0.10", "omggif@^1.0.9":
    "integrity" "sha512-LMJTtvgc/nugXj0Vcrrs68Mn2D1r0zf630VNtqtpI1FEO7e+O9FP4gqs9AcnBaSEeoHIPm28u6qgPR0oyEpGSw=="
    "resolved" "https://registry.npmjs.org/omggif/-/omggif-1.0.10.tgz"
    "version" "1.0.10"
  
  "on-finished@~2.3.0":
    "integrity" "sha1-IPEzZIGwg811M3mSoWlxqi2QaUc="
    "resolved" "https://registry.npmjs.org/on-finished/-/on-finished-2.3.0.tgz"
    "version" "2.3.0"
    dependencies:
      "ee-first" "1.1.1"
  
  "once@^1.3.1", "once@^1.4.0":
    "integrity" "sha1-WDsap3WWHUsROsF9nFC6753Xa9E="
    "resolved" "https://registry.npmjs.org/once/-/once-1.4.0.tgz"
    "version" "1.4.0"
    dependencies:
      "wrappy" "1"
  
  "pako@^1.0.5":
    "integrity" "sha512-4hLB8Py4zZce5s4yd9XzopqwVv/yGNhV1Bl8NTmCq1763HeK2+EwVTv+leGeL13Dnh2wfbqowVPXCIO0z4taYw=="
    "resolved" "https://registry.npmjs.org/pako/-/pako-1.0.11.tgz"
    "version" "1.0.11"
  
  "parse-bmfont-ascii@^1.0.3":
    "integrity" "sha1-Eaw8P/WPfCAgqyJ2kHkQjU36AoU="
    "resolved" "https://registry.npmjs.org/parse-bmfont-ascii/-/parse-bmfont-ascii-1.0.6.tgz"
    "version" "1.0.6"
  
  "parse-bmfont-binary@^1.0.5":
    "integrity" "sha1-0Di0dtPp3Z2x4RoLDlOiJ5K2kAY="
    "resolved" "https://registry.npmjs.org/parse-bmfont-binary/-/parse-bmfont-binary-1.0.6.tgz"
    "version" "1.0.6"
  
  "parse-bmfont-xml@^1.1.4":
    "integrity" "sha512-bjnliEOmGv3y1aMEfREMBJ9tfL3WR0i0CKPj61DnSLaoxWR3nLrsQrEbCId/8rF4NyRF0cCqisSVXyQYWM+mCQ=="
    "resolved" "https://registry.npmjs.org/parse-bmfont-xml/-/parse-bmfont-xml-1.1.4.tgz"
    "version" "1.1.4"
    dependencies:
      "xml-parse-from-string" "^1.0.0"
      "xml2js" "^0.4.5"
  
  "parse-headers@^2.0.0":
    "integrity" "sha512-psZ9iZoCNFLrgRjZ1d8mn0h9WRqJwFxM9q3x7iUjN/YT2OksthDJ5TiPCu2F38kS4zutqfW+YdVVkBZZx3/1aw=="
    "resolved" "https://registry.npmjs.org/parse-headers/-/parse-headers-2.0.4.tgz"
    "version" "2.0.4"
  
  "parseurl@~1.3.3":
    "integrity" "sha512-CiyeOxFT/JZyN5m0z9PfXw4SCBJ6Sygz1Dpl0wqjlhDEGGBP1GnsUVEL0p63hoG1fcj3fHynXi9NYO4nWOL+qQ=="
    "resolved" "https://registry.npmjs.org/parseurl/-/parseurl-1.3.3.tgz"
    "version" "1.3.3"
  
  "path-to-regexp@0.1.7":
    "integrity" "sha1-32BBeABfUi8V60SQ5yR6G/qmf4w="
    "resolved" "https://registry.npmjs.org/path-to-regexp/-/path-to-regexp-0.1.7.tgz"
    "version" "0.1.7"
  
  "phin@^2.9.1":
    "integrity" "sha512-CzFr90qM24ju5f88quFC/6qohjC144rehe5n6DH900lgXmUe86+xCKc10ev56gRKC4/BkHUoG4uSiQgBiIXwDA=="
    "resolved" "https://registry.npmjs.org/phin/-/phin-2.9.3.tgz"
    "version" "2.9.3"
  
  "pixelmatch@^4.0.2":
    "integrity" "sha1-j0fc7FARtHe2fbA8JDvB8wheiFQ="
    "resolved" "https://registry.npmjs.org/pixelmatch/-/pixelmatch-4.0.2.tgz"
    "version" "4.0.2"
    dependencies:
      "pngjs" "^3.0.0"
  
  "pngjs@^3.0.0", "pngjs@^3.3.3":
    "integrity" "sha512-NCrCHhWmnQklfH4MtJMRjZ2a8c80qXeMlQMv2uVp9ISJMTt562SbGd6n2oq0PaPgKm7Z6pL9E2UlLIhC+SHL3w=="
    "resolved" "https://registry.npmjs.org/pngjs/-/pngjs-3.4.0.tgz"
    "version" "3.4.0"
  
  "prebuild-install@^5.3.4":
    "integrity" "sha512-s8Aai8++QQGi4sSbs/M1Qku62PFK49Jm1CbgXklGz4nmHveDq0wzJkg7Na5QbnO1uNH8K7iqx2EQ/mV0MZEmOg=="
    "resolved" "https://registry.npmjs.org/prebuild-install/-/prebuild-install-5.3.6.tgz"
    "version" "5.3.6"
    dependencies:
      "detect-libc" "^1.0.3"
      "expand-template" "^2.0.3"
      "github-from-package" "0.0.0"
      "minimist" "^1.2.3"
      "mkdirp-classic" "^0.5.3"
      "napi-build-utils" "^1.0.1"
      "node-abi" "^2.7.0"
      "noop-logger" "^0.1.1"
      "npmlog" "^4.0.1"
      "pump" "^3.0.0"
      "rc" "^1.2.7"
      "simple-get" "^3.0.3"
      "tar-fs" "^2.0.0"
      "tunnel-agent" "^0.6.0"
      "which-pm-runs" "^1.0.0"
  
  "process-nextick-args@~2.0.0":
    "integrity" "sha512-3ouUOpQhtgrbOa17J7+uxOTpITYWaGP7/AhoR3+A+/1e9skrzelGi/dXzEYyvbxubEF6Wn2ypscTKiKJFFn1ag=="
    "resolved" "https://registry.npmjs.org/process-nextick-args/-/process-nextick-args-2.0.1.tgz"
    "version" "2.0.1"
  
  "process@^0.11.10":
    "integrity" "sha1-czIwDoQBYb2j5podHZGn1LwW8YI="
    "resolved" "https://registry.npmjs.org/process/-/process-0.11.10.tgz"
    "version" "0.11.10"
  
  "proxy-addr@~2.0.5":
    "integrity" "sha512-llQsMLSUDUPT44jdrU/O37qlnifitDP+ZwrmmZcoSKyLKvtZxpyV0n2/bD/N4tBAAZ/gJEdZU7KMraoK1+XYAg=="
    "resolved" "https://registry.npmjs.org/proxy-addr/-/proxy-addr-2.0.7.tgz"
    "version" "2.0.7"
    dependencies:
      "forwarded" "0.2.0"
      "ipaddr.js" "1.9.1"
  
  "pump@^3.0.0":
    "integrity" "sha512-LwZy+p3SFs1Pytd/jYct4wpv49HiYCqd9Rlc5ZVdk0V+8Yzv6jR5Blk3TRmPL1ft69TxP0IMZGJ+WPFU2BFhww=="
    "resolved" "https://registry.npmjs.org/pump/-/pump-3.0.0.tgz"
    "version" "3.0.0"
    dependencies:
      "end-of-stream" "^1.1.0"
      "once" "^1.3.1"
  
  "qs@6.7.0":
    "integrity" "sha512-VCdBRNFTX1fyE7Nb6FYoURo/SPe62QCaAyzJvUjwRaIsc+NePBEniHlvxFmmX56+HZphIGtV0XeCirBtpDrTyQ=="
    "resolved" "https://registry.npmjs.org/qs/-/qs-6.7.0.tgz"
    "version" "6.7.0"
  
  "range-parser@~1.2.1":
    "integrity" "sha512-Hrgsx+orqoygnmhFbKaHE6c296J+HTAQXoxEF6gNupROmmGJRoyzfG3ccAveqCBrwr/2yxQ5BVd/GTl5agOwSg=="
    "resolved" "https://registry.npmjs.org/range-parser/-/range-parser-1.2.1.tgz"
    "version" "1.2.1"
  
  "raw-body@2.4.0":
    "integrity" "sha512-4Oz8DUIwdvoa5qMJelxipzi/iJIi40O5cGV1wNYp5hvZP8ZN0T+jiNkL0QepXs+EsQ9XJ8ipEDoiH70ySUJP3Q=="
    "resolved" "https://registry.npmjs.org/raw-body/-/raw-body-2.4.0.tgz"
    "version" "2.4.0"
    dependencies:
      "bytes" "3.1.0"
      "http-errors" "1.7.2"
      "iconv-lite" "0.4.24"
      "unpipe" "1.0.0"
  
  "rc@^1.2.7":
    "integrity" "sha512-y3bGgqKj3QBdxLbLkomlohkvsA8gdAiUQlSBJnBhfn+BPxg4bc62d8TcBW15wavDfgexCgccckhcZvywyQYPOw=="
    "resolved" "https://registry.npmjs.org/rc/-/rc-1.2.8.tgz"
    "version" "1.2.8"
    dependencies:
      "deep-extend" "^0.6.0"
      "ini" "~1.3.0"
      "minimist" "^1.2.0"
      "strip-json-comments" "~2.0.1"
  
  "readable-stream@^2.0.6":
    "integrity" "sha512-Ebho8K4jIbHAxnuxi7o42OrZgF/ZTNcsZj6nRKyUmkhLFq8CHItp/fy6hQZuZmP/n3yZ9VBUbp4zz/mX8hmYPw=="
    "resolved" "https://registry.npmjs.org/readable-stream/-/readable-stream-2.3.7.tgz"
    "version" "2.3.7"
    dependencies:
      "core-util-is" "~1.0.0"
      "inherits" "~2.0.3"
      "isarray" "~1.0.0"
      "process-nextick-args" "~2.0.0"
      "safe-buffer" "~5.1.1"
      "string_decoder" "~1.1.1"
      "util-deprecate" "~1.0.1"
  
  "readable-stream@^3.1.1":
    "integrity" "sha512-BViHy7LKeTz4oNnkcLJ+lVSL6vpiFeX6/d3oSH8zCW7UxP2onchk+vTGB143xuFjHS3deTgkKoXXymXqymiIdA=="
    "resolved" "https://registry.npmjs.org/readable-stream/-/readable-stream-3.6.0.tgz"
    "version" "3.6.0"
    dependencies:
      "inherits" "^2.0.3"
      "string_decoder" "^1.1.1"
      "util-deprecate" "^1.0.1"
  
  "readable-stream@^3.4.0":
    "integrity" "sha512-BViHy7LKeTz4oNnkcLJ+lVSL6vpiFeX6/d3oSH8zCW7UxP2onchk+vTGB143xuFjHS3deTgkKoXXymXqymiIdA=="
    "resolved" "https://registry.npmjs.org/readable-stream/-/readable-stream-3.6.0.tgz"
    "version" "3.6.0"
    dependencies:
      "inherits" "^2.0.3"
      "string_decoder" "^1.1.1"
      "util-deprecate" "^1.0.1"
  
  "regenerator-runtime@^0.13.3", "regenerator-runtime@^0.13.4":
    "integrity" "sha512-p3VT+cOEgxFsRRA9X4lkI1E+k2/CtnKtU4gcxyaCUreilL/vqI6CdZ3wxVUx3UOUg+gnUOQQcRI7BmSI656MYA=="
    "resolved" "https://registry.npmjs.org/regenerator-runtime/-/regenerator-runtime-0.13.9.tgz"
    "version" "0.13.9"
  
  "safe-buffer@^5.0.1", "safe-buffer@~5.1.0", "safe-buffer@~5.1.1", "safe-buffer@5.1.2":
    "integrity" "sha512-Gd2UZBJDkXlY7GbJxfsE8/nvKkUEU1G38c1siN6QP6a9PT9MmHB8GnpscSmMJSoF8LOIrt8ud/wPtojys4G6+g=="
    "resolved" "https://registry.npmjs.org/safe-buffer/-/safe-buffer-5.1.2.tgz"
    "version" "5.1.2"
  
  "safer-buffer@>= 2.1.2 < 3":
    "integrity" "sha512-YZo3K82SD7Riyi0E1EQPojLz7kpepnSQI9IyPbHHg1XXXevb5dJI7tpyN2ADxGcQbHG7vcyRHk0cbwqcQriUtg=="
    "resolved" "https://registry.npmjs.org/safer-buffer/-/safer-buffer-2.1.2.tgz"
    "version" "2.1.2"
  
  "sax@>=0.6.0":
    "integrity" "sha512-NqVDv9TpANUjFm0N8uM5GxL36UgKi9/atZw+x7YFnQ8ckwFGKrl4xX4yWtrey3UJm5nP1kUbnYgLopqWNSRhWw=="
    "resolved" "https://registry.npmjs.org/sax/-/sax-1.2.4.tgz"
    "version" "1.2.4"
  
  "semver@^5.4.1":
    "integrity" "sha512-sauaDf/PZdVgrLTNYHRtpXa1iRiKcaebiKQ1BJdpQlWH2lCvexQdX55snPFyK7QzpudqbCI0qXFfOasHdyNDGQ=="
    "resolved" "https://registry.npmjs.org/semver/-/semver-5.7.1.tgz"
    "version" "5.7.1"
  
  "semver@^7.3.2":
    "integrity" "sha512-PoeGJYh8HK4BTO/a9Tf6ZG3veo/A7ZVsYrSA6J8ny9nb3B1VrpkuN+z9OE5wfE5p6H4LchYZsegiQgbJD94ZFQ=="
    "resolved" "https://registry.npmjs.org/semver/-/semver-7.3.5.tgz"
    "version" "7.3.5"
    dependencies:
      "lru-cache" "^6.0.0"
  
  "send@0.17.1":
    "integrity" "sha512-BsVKsiGcQMFwT8UxypobUKyv7irCNRHk1T0G680vk88yf6LBByGcZJOTJCrTP2xVN6yI+XjPJcNuE3V4fT9sAg=="
    "resolved" "https://registry.npmjs.org/send/-/send-0.17.1.tgz"
    "version" "0.17.1"
    dependencies:
      "debug" "2.6.9"
      "depd" "~1.1.2"
      "destroy" "~1.0.4"
      "encodeurl" "~1.0.2"
      "escape-html" "~1.0.3"
      "etag" "~1.8.1"
      "fresh" "0.5.2"
      "http-errors" "~1.7.2"
      "mime" "1.6.0"
      "ms" "2.1.1"
      "on-finished" "~2.3.0"
      "range-parser" "~1.2.1"
      "statuses" "~1.5.0"
  
  "serve-static@1.14.1":
    "integrity" "sha512-JMrvUwE54emCYWlTI+hGrGv5I8dEwmco/00EvkzIIsR7MqrHonbD9pO2MOfFnpFntl7ecpZs+3mW+XbQZu9QCg=="
    "resolved" "https://registry.npmjs.org/serve-static/-/serve-static-1.14.1.tgz"
    "version" "1.14.1"
    dependencies:
      "encodeurl" "~1.0.2"
      "escape-html" "~1.0.3"
      "parseurl" "~1.3.3"
      "send" "0.17.1"
  
  "set-blocking@~2.0.0":
    "integrity" "sha1-BF+XgtARrppoA93TgrJDkrPYkPc="
    "resolved" "https://registry.npmjs.org/set-blocking/-/set-blocking-2.0.0.tgz"
    "version" "2.0.0"
  
  "setprototypeof@1.1.1":
    "integrity" "sha512-JvdAWfbXeIGaZ9cILp38HntZSFSo3mWg6xGcJJsd+d4aRMOqauag1C63dJfDw7OaMYwEbHMOxEZ1lqVRYP2OAw=="
    "resolved" "https://registry.npmjs.org/setprototypeof/-/setprototypeof-1.1.1.tgz"
    "version" "1.1.1"
  
  "sharp@^0.25.4":
    "integrity" "sha512-umSzJJ1oBwIOfwFFt/fJ7JgCva9FvrEU2cbbm7u/3hSDZhXvkME8WE5qpaJqLIe2Har5msF5UG4CzYlEg5o3BQ=="
    "resolved" "https://registry.npmjs.org/sharp/-/sharp-0.25.4.tgz"
    "version" "0.25.4"
    dependencies:
      "color" "^3.1.2"
      "detect-libc" "^1.0.3"
      "node-addon-api" "^3.0.0"
      "npmlog" "^4.1.2"
      "prebuild-install" "^5.3.4"
      "semver" "^7.3.2"
      "simple-get" "^4.0.0"
      "tar" "^6.0.2"
      "tunnel-agent" "^0.6.0"
  
  "signal-exit@^3.0.0":
    "integrity" "sha512-VUJ49FC8U1OxwZLxIbTTrDvLnf/6TDgxZcK8wxR8zs13xpx7xbG60ndBlhNrFi2EMuFRoeDoJO7wthSLq42EjA=="
    "resolved" "https://registry.npmjs.org/signal-exit/-/signal-exit-3.0.3.tgz"
    "version" "3.0.3"
  
  "simple-concat@^1.0.0":
    "integrity" "sha512-cSFtAPtRhljv69IK0hTVZQ+OfE9nePi/rtJmw5UjHeVyVroEqJXP1sFztKUy1qU+xvz3u/sfYJLa947b7nAN2Q=="
    "resolved" "https://registry.npmjs.org/simple-concat/-/simple-concat-1.0.1.tgz"
    "version" "1.0.1"
  
  "simple-get@^3.0.3":
    "integrity" "sha512-bCR6cP+aTdScaQCnQKbPKtJOKDp/hj9EDLJo3Nw4y1QksqaovlW/bnptB6/c1e+qmNIDHRK+oXFDdEqBT8WzUA=="
    "resolved" "https://registry.npmjs.org/simple-get/-/simple-get-3.1.0.tgz"
    "version" "3.1.0"
    dependencies:
      "decompress-response" "^4.2.0"
      "once" "^1.3.1"
      "simple-concat" "^1.0.0"
  
  "simple-get@^4.0.0":
    "integrity" "sha512-ZalZGexYr3TA0SwySsr5HlgOOinS4Jsa8YB2GJ6lUNAazyAu4KG/VmzMTwAt2YVXzzVj8QmefmAonZIK2BSGcQ=="
    "resolved" "https://registry.npmjs.org/simple-get/-/simple-get-4.0.0.tgz"
    "version" "4.0.0"
    dependencies:
      "decompress-response" "^6.0.0"
      "once" "^1.3.1"
      "simple-concat" "^1.0.0"
  
  "simple-swizzle@^0.2.2":
    "integrity" "sha1-pNprY1/8zMoz9w0Xy5JZLeleVXo="
    "resolved" "https://registry.npmjs.org/simple-swizzle/-/simple-swizzle-0.2.2.tgz"
    "version" "0.2.2"
    dependencies:
      "is-arrayish" "^0.3.1"
  
  "statuses@>= 1.5.0 < 2", "statuses@~1.5.0":
    "integrity" "sha1-Fhx9rBd2Wf2YEfQ3cfqZOBR4Yow="
    "resolved" "https://registry.npmjs.org/statuses/-/statuses-1.5.0.tgz"
    "version" "1.5.0"
  
  "string_decoder@^1.1.1", "string_decoder@~1.1.1":
    "integrity" "sha512-n/ShnvDi6FHbbVfviro+WojiFzv+s8MPMHBczVePfUpDJLwoLT0ht1l4YwBCbi8pJAveEEdnkHyPyTP/mzRfwg=="
    "resolved" "https://registry.npmjs.org/string_decoder/-/string_decoder-1.1.1.tgz"
    "version" "1.1.1"
    dependencies:
      "safe-buffer" "~5.1.0"
  
  "string-width@^1.0.1":
    "integrity" "sha1-EYvfW4zcUaKn5w0hHgfisLmxB9M="
    "resolved" "https://registry.npmjs.org/string-width/-/string-width-1.0.2.tgz"
    "version" "1.0.2"
    dependencies:
      "code-point-at" "^1.0.0"
      "is-fullwidth-code-point" "^1.0.0"
      "strip-ansi" "^3.0.0"
  
  "string-width@^1.0.2 || 2":
    "integrity" "sha512-nOqH59deCq9SRHlxq1Aw85Jnt4w6KvLKqWVik6oA9ZklXLNIOlqg4F2yrT1MVaTjAqvVwdfeZ7w7aCvJD7ugkw=="
    "resolved" "https://registry.npmjs.org/string-width/-/string-width-2.1.1.tgz"
    "version" "2.1.1"
    dependencies:
      "is-fullwidth-code-point" "^2.0.0"
      "strip-ansi" "^4.0.0"
  
  "strip-ansi@^3.0.0", "strip-ansi@^3.0.1":
    "integrity" "sha1-ajhfuIU9lS1f8F0Oiq+UJ43GPc8="
    "resolved" "https://registry.npmjs.org/strip-ansi/-/strip-ansi-3.0.1.tgz"
    "version" "3.0.1"
    dependencies:
      "ansi-regex" "^2.0.0"
  
  "strip-ansi@^4.0.0":
    "integrity" "sha1-qEeQIusaw2iocTibY1JixQXuNo8="
    "resolved" "https://registry.npmjs.org/strip-ansi/-/strip-ansi-4.0.0.tgz"
    "version" "4.0.0"
    dependencies:
      "ansi-regex" "^3.0.0"
  
  "strip-json-comments@~2.0.1":
    "integrity" "sha1-PFMZQukIwml8DsNEhYwobHygpgo="
    "resolved" "https://registry.npmjs.org/strip-json-comments/-/strip-json-comments-2.0.1.tgz"
    "version" "2.0.1"
  
  "tar-fs@^2.0.0":
    "integrity" "sha512-V0r2Y9scmbDRLCNex/+hYzvp/zyYjvFbHPNgVTKfQvVrb6guiE/fxP+XblDNR011utopbkex2nM4dHNV6GDsng=="
    "resolved" "https://registry.npmjs.org/tar-fs/-/tar-fs-2.1.1.tgz"
    "version" "2.1.1"
    dependencies:
      "chownr" "^1.1.1"
      "mkdirp-classic" "^0.5.2"
      "pump" "^3.0.0"
      "tar-stream" "^2.1.4"
  
  "tar-stream@^2.1.4":
    "integrity" "sha512-ujeqbceABgwMZxEJnk2HDY2DlnUZ+9oEcb1KzTVfYHio0UE6dG71n60d8D2I4qNvleWrrXpmjpt7vZeF1LnMZQ=="
    "resolved" "https://registry.npmjs.org/tar-stream/-/tar-stream-2.2.0.tgz"
    "version" "2.2.0"
    dependencies:
      "bl" "^4.0.3"
      "end-of-stream" "^1.4.1"
      "fs-constants" "^1.0.0"
      "inherits" "^2.0.3"
      "readable-stream" "^3.1.1"
  
  "tar@^6.0.2":
    "integrity" "sha512-sb9b0cp855NbkMJcskdSYA7b11Q8JsX4qe4pyUAfHp+Y6jBjJeek2ZVlwEfWayshEIwlIzXx0Fain3QG9JPm2A=="
    "resolved" "https://registry.npmjs.org/tar/-/tar-6.1.8.tgz"
    "version" "6.1.8"
    dependencies:
      "chownr" "^2.0.0"
      "fs-minipass" "^2.0.0"
      "minipass" "^3.0.0"
      "minizlib" "^2.1.1"
      "mkdirp" "^1.0.3"
      "yallist" "^4.0.0"
  
  "timm@^1.6.1":
    "integrity" "sha512-IjZc9KIotudix8bMaBW6QvMuq64BrJWFs1+4V0lXwWGQZwH+LnX87doAYhem4caOEusRP9/g6jVDQmZ8XOk1nw=="
    "resolved" "https://registry.npmjs.org/timm/-/timm-1.7.1.tgz"
    "version" "1.7.1"
  
  "tinycolor2@^1.4.1":
    "integrity" "sha512-vJhccZPs965sV/L2sU4oRQVAos0pQXwsvTLkWYdqJ+a8Q5kPFzJTuOFwy7UniPli44NKQGAglksjvOcpo95aZA=="
    "resolved" "https://registry.npmjs.org/tinycolor2/-/tinycolor2-1.4.2.tgz"
    "version" "1.4.2"
  
  "toidentifier@1.0.0":
    "integrity" "sha512-yaOH/Pk/VEhBWWTlhI+qXxDFXlejDGcQipMlyxda9nthulaxLZUNcUqFxokp0vcYnvteJln5FNQDRrxj3YcbVw=="
    "resolved" "https://registry.npmjs.org/toidentifier/-/toidentifier-1.0.0.tgz"
    "version" "1.0.0"
  
  "tunnel-agent@^0.6.0":
    "integrity" "sha1-J6XeoGs2sEoKmWZ3SykIaPD8QP0="
    "resolved" "https://registry.npmjs.org/tunnel-agent/-/tunnel-agent-0.6.0.tgz"
    "version" "0.6.0"
    dependencies:
      "safe-buffer" "^5.0.1"
  
  "type-is@~1.6.17", "type-is@~1.6.18":
    "integrity" "sha512-TkRKr9sUTxEH8MdfuCSP7VizJyzRNMjj2J2do2Jr3Kym598JVdEksuzPQCnlFPW4ky9Q+iA+ma9BGm06XQBy8g=="
    "resolved" "https://registry.npmjs.org/type-is/-/type-is-1.6.18.tgz"
    "version" "1.6.18"
    dependencies:
      "media-typer" "0.3.0"
      "mime-types" "~2.1.24"
  
  "unpipe@~1.0.0", "unpipe@1.0.0":
    "integrity" "sha1-sr9O6FFKrmFltIF4KdIbLvSZBOw="
    "resolved" "https://registry.npmjs.org/unpipe/-/unpipe-1.0.0.tgz"
    "version" "1.0.0"
  
  "utif@^2.0.1":
    "integrity" "sha512-Z/S1fNKCicQTf375lIP9G8Sa1H/phcysstNrrSdZKj1f9g58J4NMgb5IgiEZN9/nLMPDwF0W7hdOe9Qq2IYoLg=="
    "resolved" "https://registry.npmjs.org/utif/-/utif-2.0.1.tgz"
    "version" "2.0.1"
    dependencies:
      "pako" "^1.0.5"
  
  "util-deprecate@^1.0.1", "util-deprecate@~1.0.1":
    "integrity" "sha1-RQ1Nyfpw3nMnYvvS1KKJgUGaDM8="
    "resolved" "https://registry.npmjs.org/util-deprecate/-/util-deprecate-1.0.2.tgz"
    "version" "1.0.2"
  
  "utils-merge@1.0.1":
    "integrity" "sha1-n5VxD1CiZ5R7LMwSR0HBAoQn5xM="
    "resolved" "https://registry.npmjs.org/utils-merge/-/utils-merge-1.0.1.tgz"
    "version" "1.0.1"
  
  "vary@^1", "vary@~1.1.2":
    "integrity" "sha1-IpnwLG3tMNSllhsLn3RSShj2NPw="
    "resolved" "https://registry.npmjs.org/vary/-/vary-1.1.2.tgz"
    "version" "1.1.2"
  
  "which-pm-runs@^1.0.0":
    "integrity" "sha1-Zws6+8VS4LVd9rd4DKdGFfI60cs="
    "resolved" "https://registry.npmjs.org/which-pm-runs/-/which-pm-runs-1.0.0.tgz"
    "version" "1.0.0"
  
  "wide-align@^1.1.0":
    "integrity" "sha512-QGkOQc8XL6Bt5PwnsExKBPuMKBxnGxWWW3fU55Xt4feHozMUhdUMaBCk290qpm/wG5u/RSKzwdAC4i51YigihA=="
    "resolved" "https://registry.npmjs.org/wide-align/-/wide-align-1.1.3.tgz"
    "version" "1.1.3"
    dependencies:
      "string-width" "^1.0.2 || 2"
  
  "wrappy@1":
    "integrity" "sha1-tSQ9jz7BqjXxNkYFvA0QNuMKtp8="
    "resolved" "https://registry.npmjs.org/wrappy/-/wrappy-1.0.2.tgz"
    "version" "1.0.2"
  
  "xhr@^2.0.1":
    "integrity" "sha512-/eCGLb5rxjx5e3mF1A7s+pLlR6CGyqWN91fv1JgER5mVWg1MZmlhBvy9kjcsOdRk8RrIujotWyJamfyrp+WIcA=="
    "resolved" "https://registry.npmjs.org/xhr/-/xhr-2.6.0.tgz"
    "version" "2.6.0"
    dependencies:
      "global" "~4.4.0"
      "is-function" "^1.0.1"
      "parse-headers" "^2.0.0"
      "xtend" "^4.0.0"
  
  "xml-parse-from-string@^1.0.0":
    "integrity" "sha1-qQKekp09vN7RafPG4oI42VpdWig="
    "resolved" "https://registry.npmjs.org/xml-parse-from-string/-/xml-parse-from-string-1.0.1.tgz"
    "version" "1.0.1"
  
  "xml2js@^0.4.5":
    "integrity" "sha512-ySPiMjM0+pLDftHgXY4By0uswI3SPKLDw/i3UXbnO8M/p28zqexCUoPmQFrYD+/1BzhGJSs2i1ERWKJAtiLrug=="
    "resolved" "https://registry.npmjs.org/xml2js/-/xml2js-0.4.23.tgz"
    "version" "0.4.23"
    dependencies:
      "sax" ">=0.6.0"
      "xmlbuilder" "~11.0.0"
  
  "xmlbuilder@~11.0.0":
    "integrity" "sha512-fDlsI/kFEx7gLvbecc0/ohLG50fugQp8ryHzMTuW9vSa1GJ0XYWKnhsUx7oie3G98+r56aTQIUB4kht42R3JvA=="
    "resolved" "https://registry.npmjs.org/xmlbuilder/-/xmlbuilder-11.0.1.tgz"
    "version" "11.0.1"
  
  "xtend@^4.0.0":
    "integrity" "sha512-LKYU1iAXJXUgAXn9URjiu+MWhyUXHsvfp7mcuYm9dSUKK0/CjtrUwFAxD82/mCWbtLsGjFIad0wIsod4zrTAEQ=="
    "resolved" "https://registry.npmjs.org/xtend/-/xtend-4.0.2.tgz"
    "version" "4.0.2"
  
  "yallist@^4.0.0":
    "integrity" "sha512-3wdGidZyq5PB084XLES5TpOSRA3wjXAlIWMhum2kRcv/41Sn2emQ0dycQW4uZXLejwKvg6EsvbdlVL+FYEct7A=="
    "resolved" "https://registry.npmjs.org/yallist/-/yallist-4.0.0.tgz"
    "version" "4.0.0"
